#
# There is insufficient memory for the Java Runtime Environment to continue.
# Native memory allocation (malloc) failed to allocate 900496 bytes for Chunk::new
# Possible reasons:
#   The system is out of physical RAM or swap space
#   In 32 bit mode, the process size limit was hit
# Possible solutions:
#   Reduce memory load on the system
#   Increase physical memory or swap space
#   Check if swap backing store is full
#   Use 64 bit Java on a 64 bit OS
#   Decrease Java heap size (-Xmx/-Xms)
#   Decrease number of Java threads
#   Decrease Java thread stack sizes (-Xss)
#   Set larger code cache with -XX:ReservedCodeCacheSize=
# This output file may be truncated or incomplete.
#
#  Out of Memory Error (allocation.cpp:390), pid=6004, tid=0x0000000000002394
#
# JRE version: OpenJDK Runtime Environment (8.0_76-b03) (build 1.8.0_76-release-b03)
# Java VM: OpenJDK 64-Bit Server VM (25.76-b03 mixed mode windows-amd64 compressed oops)
# Failed to write core dump. Minidumps are not enabled by default on client versions of Windows
#

---------------  T H R E A D  ---------------

Current thread (0x00000000551ef000):  JavaThread "C2 CompilerThread1" daemon [_thread_in_native, id=9108, stack(0x0000000056f60000,0x0000000057060000)]

Stack: [0x0000000056f60000,0x0000000057060000]
[error occurred during error reporting (printing stack bounds), id 0xc0000005]

Native frames: (J=compiled Java code, j=interpreted, Vv=VM code, C=native code)


Current CompileTask:
C2:   7201 1868   !   4       com.android.dx.cf.code.BytecodeArray::parseInstruction (2764 bytes)


---------------  P R O C E S S  ---------------

Java Threads: ( => current thread )
  0x0000000056871000 JavaThread "pool-1-thread-1" [_thread_in_Java, id=5968, stack(0x00000000573f0000,0x00000000574f0000)]
  0x00000000565a3000 JavaThread "Service Thread" daemon [_thread_blocked, id=6172, stack(0x00000000572e0000,0x00000000573e0000)]
  0x0000000056596000 JavaThread "C1 CompilerThread2" daemon [_thread_blocked, id=4544, stack(0x00000000571d0000,0x00000000572d0000)]
=>0x00000000551ef000 JavaThread "C2 CompilerThread1" daemon [_thread_in_native, id=9108, stack(0x0000000056f60000,0x0000000057060000)]
  0x00000000551ed000 JavaThread "C2 CompilerThread0" daemon [_thread_in_native, id=7588, stack(0x0000000056d70000,0x0000000056e70000)]
  0x00000000551eb000 JavaThread "Attach Listener" daemon [_thread_blocked, id=8260, stack(0x0000000056c40000,0x0000000056d40000)]
  0x0000000056588800 JavaThread "Signal Dispatcher" daemon [_thread_blocked, id=1268, stack(0x0000000056a70000,0x0000000056b70000)]
  0x00000000551c8800 JavaThread "Finalizer" daemon [_thread_blocked, id=7220, stack(0x0000000056480000,0x0000000056580000)]
  0x000000005517f800 JavaThread "Reference Handler" daemon [_thread_blocked, id=4764, stack(0x0000000056370000,0x0000000056470000)]
  0x000000000259e000 JavaThread "main" [_thread_blocked, id=7900, stack(0x00000000025b0000,0x00000000026b0000)]

Other Threads:
  0x0000000055178000 VMThread [stack: 0x00000000561c0000,0x00000000562c0000] [id=7372]
  0x00000000565a7800 WatcherThread [stack: 0x0000000057550000,0x0000000057650000] [id=1696]

VM state:not at safepoint (normal execution)

VM Mutex/Monitor currently owned by a thread: None

Heap:
 PSYoungGen      total 71680K, used 56374K [0x00000000eab00000, 0x00000000ef600000, 0x0000000100000000)
  eden space 66560K, 77% used [0x00000000eab00000,0x00000000edd12810,0x00000000eec00000)
  from space 5120K, 99% used [0x00000000ef100000,0x00000000ef5fb0c8,0x00000000ef600000)
  to   space 5120K, 0% used [0x00000000eec00000,0x00000000eec00000,0x00000000ef100000)
 ParOldGen       total 87552K, used 6372K [0x00000000c0000000, 0x00000000c5580000, 0x00000000eab00000)
  object space 87552K, 7% used [0x00000000c0000000,0x00000000c0639258,0x00000000c5580000)
 Metaspace       used 6345K, capacity 7152K, committed 7296K, reserved 1056768K
  class space    used 584K, capacity 616K, committed 640K, reserved 1048576K

Card table byte_map: [0x0000000011b60000,0x0000000011d70000] byte_map_base: 0x0000000011560000

Marking Bits: (ParMarkBitMap*) 0x000000005c349d00
 Begin Bits: [0x00000000125f0000, 0x00000000135f0000)
 End Bits:   [0x00000000135f0000, 0x00000000145f0000)

Polling page: 0x0000000000330000

CodeCache: size=245760Kb used=8737Kb max_used=8775Kb free=237022Kb
 bounds [0x00000000027a0000, 0x0000000003040000, 0x00000000117a0000]
 total_blobs=2229 nmethods=1958 adapters=184
 compilation: enabled

Compilation events (10 events):
Event: 7.121 Thread 0x0000000056596000 1902       3       com.android.dx.ssa.SsaBasicBlock::addPhiInsnForReg (18 bytes)
Event: 7.121 Thread 0x0000000056596000 nmethod 1902 0x0000000002ff4490 code [0x0000000002ff4660, 0x0000000002ff4d38]
Event: 7.121 Thread 0x0000000056596000 1903       3       com.android.dx.ssa.PhiInsn::<init> (26 bytes)
Event: 7.122 Thread 0x0000000056596000 nmethod 1903 0x0000000002ff51d0 code [0x0000000002ff5380, 0x0000000002ff5968]
Event: 7.128 Thread 0x0000000056596000 1904       3       com.android.dx.rop.code.Rops::opAdd (29 bytes)
Event: 7.128 Thread 0x0000000056596000 nmethod 1904 0x0000000002ff5c50 code [0x0000000002ff5dc0, 0x0000000002ff5f88]
Event: 7.134 Thread 0x0000000056596000 1906       3       com.android.dx.dex.code.BlockAddresses::getStart (7 bytes)
Event: 7.134 Thread 0x0000000056596000 nmethod 1906 0x0000000002ff6010 code [0x0000000002ff6160, 0x0000000002ff62d0]
Event: 7.135 Thread 0x0000000056596000 1907       3       com.android.dx.cf.code.SwitchList::add (35 bytes)
Event: 7.135 Thread 0x0000000056596000 nmethod 1907 0x0000000002ff63d0 code [0x0000000002ff6580, 0x0000000002ff6b38]

GC Heap History (4 events):
Event: 2.470 GC heap before
{Heap before GC invocations=1 (full 0):
 PSYoungGen      total 38400K, used 33280K [0x00000000eab00000, 0x00000000ed580000, 0x0000000100000000)
  eden space 33280K, 100% used [0x00000000eab00000,0x00000000ecb80000,0x00000000ecb80000)
  from space 5120K, 0% used [0x00000000ed080000,0x00000000ed080000,0x00000000ed580000)
  to   space 5120K, 0% used [0x00000000ecb80000,0x00000000ecb80000,0x00000000ed080000)
 ParOldGen       total 87552K, used 0K [0x00000000c0000000, 0x00000000c5580000, 0x00000000eab00000)
  object space 87552K, 0% used [0x00000000c0000000,0x00000000c0000000,0x00000000c5580000)
 Metaspace       used 6013K, capacity 6960K, committed 7040K, reserved 1056768K
  class space    used 575K, capacity 616K, committed 640K, reserved 1048576K
Event: 2.844 GC heap after
Heap after GC invocations=1 (full 0):
 PSYoungGen      total 38400K, used 5103K [0x00000000eab00000, 0x00000000ef600000, 0x0000000100000000)
  eden space 33280K, 0% used [0x00000000eab00000,0x00000000eab00000,0x00000000ecb80000)
  from space 5120K, 99% used [0x00000000ecb80000,0x00000000ed07bc98,0x00000000ed080000)
  to   space 5120K, 0% used [0x00000000ef100000,0x00000000ef100000,0x00000000ef600000)
 ParOldGen       total 87552K, used 1447K [0x00000000c0000000, 0x00000000c5580000, 0x00000000eab00000)
  object space 87552K, 1% used [0x00000000c0000000,0x00000000c0169fb0,0x00000000c5580000)
 Metaspace       used 6013K, capacity 6960K, committed 7040K, reserved 1056768K
  class space    used 575K, capacity 616K, committed 640K, reserved 1048576K
}
Event: 5.407 GC heap before
{Heap before GC invocations=2 (full 0):
 PSYoungGen      total 38400K, used 38383K [0x00000000eab00000, 0x00000000ef600000, 0x0000000100000000)
  eden space 33280K, 100% used [0x00000000eab00000,0x00000000ecb80000,0x00000000ecb80000)
  from space 5120K, 99% used [0x00000000ecb80000,0x00000000ed07bc98,0x00000000ed080000)
  to   space 5120K, 0% used [0x00000000ef100000,0x00000000ef100000,0x00000000ef600000)
 ParOldGen       total 87552K, used 1447K [0x00000000c0000000, 0x00000000c5580000, 0x00000000eab00000)
  object space 87552K, 1% used [0x00000000c0000000,0x00000000c0169fb0,0x00000000c5580000)
 Metaspace       used 6164K, capacity 7024K, committed 7296K, reserved 1056768K
  class space    used 576K, capacity 616K, committed 640K, reserved 1048576K
Event: 5.606 GC heap after
Heap after GC invocations=2 (full 0):
 PSYoungGen      total 71680K, used 5100K [0x00000000eab00000, 0x00000000ef600000, 0x0000000100000000)
  eden space 66560K, 0% used [0x00000000eab00000,0x00000000eab00000,0x00000000eec00000)
  from space 5120K, 99% used [0x00000000ef100000,0x00000000ef5fb0c8,0x00000000ef600000)
  to   space 5120K, 0% used [0x00000000eec00000,0x00000000eec00000,0x00000000ef100000)
 ParOldGen       total 87552K, used 6372K [0x00000000c0000000, 0x00000000c5580000, 0x00000000eab00000)
  object space 87552K, 7% used [0x00000000c0000000,0x00000000c0639258,0x00000000c5580000)
 Metaspace       used 6164K, capacity 7024K, committed 7296K, reserved 1056768K
  class space    used 576K, capacity 616K, committed 640K, reserved 1048576K
}

Deoptimization events (10 events):
Event: 6.771 Thread 0x000000005689d000 Uncommon trap: reason=bimorphic action=maybe_recompile pc=0x0000000002cc3db0 method=com.android.dx.cf.code.BytecodeArray.parseInstruction(ILcom/android/dx/cf/code/BytecodeArray$Visitor;)I @ 2281
Event: 6.771 Thread 0x000000005689d000 Uncommon trap: reason=bimorphic action=maybe_recompile pc=0x0000000002cc3db0 method=com.android.dx.cf.code.BytecodeArray.parseInstruction(ILcom/android/dx/cf/code/BytecodeArray$Visitor;)I @ 2281
Event: 7.072 Thread 0x000000005689d000 Uncommon trap: reason=unstable_if action=reinterpret pc=0x0000000002ed75b4 method=com.android.dx.ssa.SCCP.simulateStmt(Lcom/android/dx/ssa/SsaInsn;)V @ 59
Event: 7.077 Thread 0x000000005689d000 Uncommon trap: reason=class_check action=maybe_recompile pc=0x0000000002d9b4c0 method=com.android.dx.ssa.SCCP.simulatePhi(Lcom/android/dx/ssa/PhiInsn;)V @ 124
Event: 7.077 Thread 0x000000005689d000 Uncommon trap: reason=class_check action=maybe_recompile pc=0x0000000002d9b4c0 method=com.android.dx.ssa.SCCP.simulatePhi(Lcom/android/dx/ssa/PhiInsn;)V @ 124
Event: 7.091 Thread 0x000000005689d000 Uncommon trap: reason=unstable_if action=reinterpret pc=0x0000000002e3390c method=com.android.dx.rop.code.RegisterSpecSet.localItemToSpec(Lcom/android/dx/rop/code/LocalItem;)Lcom/android/dx/rop/code/RegisterSpec; @ 35
Event: 7.102 Thread 0x000000005683d000 Uncommon trap: reason=class_check action=maybe_recompile pc=0x0000000002fa9ef4 method=com.android.dx.rop.code.RegisterSpec.withSimpleType()Lcom/android/dx/rop/code/RegisterSpec; @ 21
Event: 7.102 Thread 0x000000005683d000 Uncommon trap: reason=class_check action=maybe_recompile pc=0x0000000002fa9ef4 method=com.android.dx.rop.code.RegisterSpec.withSimpleType()Lcom/android/dx/rop/code/RegisterSpec; @ 21
Event: 7.102 Thread 0x000000005683d000 Uncommon trap: reason=class_check action=maybe_recompile pc=0x0000000002fa9ef4 method=com.android.dx.rop.code.RegisterSpec.withSimpleType()Lcom/android/dx/rop/code/RegisterSpec; @ 21
Event: 7.102 Thread 0x000000005683d000 Uncommon trap: reason=class_check action=maybe_recompile pc=0x0000000002fa9ef4 method=com.android.dx.rop.code.RegisterSpec.withSimpleType()Lcom/android/dx/rop/code/RegisterSpec; @ 21

Internal exceptions (6 events):
Event: 0.107 Thread 0x000000000259e000 Exception <a 'java/lang/NoSuchMethodError': Method sun.misc.Unsafe.defineClass(Ljava/lang/String;[BII)Ljava/lang/Class; name or signature does not match> (0x00000000eab07cc0) thrown at [C:\src\android\AOSP-openjdk\external\jetbrains\jdk\hotspot\src\share\v◊ùø\•Oª?
Event: 0.107 Thread 0x000000000259e000 Exception <a 'java/lang/NoSuchMethodError': Method sun.misc.Unsafe.prefetchRead(Ljava/lang/Object;J)V name or signature does not match> (0x00000000eab07fa8) thrown at [C:\src\android\AOSP-openjdk\external\jetbrains\jdk\hotspot\src\share\vm\prims\jni.cpp, l)á∞à3…Î?
Event: 0.868 Thread 0x000000005689d000 Implicit null exception at 0x00000000029f037d to 0x00000000029f2ccd
Event: 2.232 Thread 0x0000000056871000 Implicit null exception at 0x0000000002a6f968 to 0x0000000002a71da5
Event: 3.039 Thread 0x000000005689d000 Implicit null exception at 0x0000000002ce5d76 to 0x0000000002ce77dd
Event: 6.386 Thread 0x000000005689d000 Implicit null exception at 0x0000000002e95c2a to 0x0000000002e9776d

Events (10 events):
Event: 7.102 Thread 0x000000005683d000 DEOPT UNPACKING pc=0x00000000027e556a sp=0x000000005716ec08 mode 2
Event: 7.102 Thread 0x000000005683d000 Uncommon trap: trap_request=0xffffffde fr.pc=0x0000000002fa9ef4
Event: 7.102 Thread 0x000000005683d000 DEOPT PACKING pc=0x0000000002fa9ef4 sp=0x000000005716ecd0
Event: 7.102 Thread 0x000000005683d000 DEOPT UNPACKING pc=0x00000000027e556a sp=0x000000005716ec08 mode 2
Event: 7.102 Thread 0x000000005683d000 Uncommon trap: trap_request=0xffffffde fr.pc=0x0000000002fa9ef4
Event: 7.102 Thread 0x000000005683d000 DEOPT PACKING pc=0x0000000002fa9ef4 sp=0x000000005716ecd0
Event: 7.102 Thread 0x000000005683d000 DEOPT UNPACKING pc=0x00000000027e556a sp=0x000000005716ec08 mode 2
Event: 7.102 Thread 0x000000005683d000 Uncommon trap: trap_request=0xffffffde fr.pc=0x0000000002fa9ef4
Event: 7.102 Thread 0x000000005683d000 DEOPT PACKING pc=0x0000000002fa9ef4 sp=0x000000005716ecd0
Event: 7.102 Thread 0x000000005683d000 DEOPT UNPACKING pc=0x00000000027e556a sp=0x000000005716ec08 mode 2


Dynamic libraries:
0x000000013f430000 - 0x000000013f461000 	D:\android-studio2.2\jre\bin\java.exe
0x0000000077060000 - 0x0000000077209000 	C:\Windows\SYSTEM32\ntdll.dll
0x0000000076f40000 - 0x000000007705f000 	C:\Windows\system32\kernel32.dll
0x000007fefd1d0000 - 0x000007fefd23b000 	C:\Windows\system32\KERNELBASE.dll
0x000007feff100000 - 0x000007feff1db000 	C:\Windows\system32\ADVAPI32.dll
0x000007fefd6c0000 - 0x000007fefd75f000 	C:\Windows\system32\msvcrt.dll
0x000007fefe9b0000 - 0x000007fefe9cf000 	C:\Windows\SYSTEM32\sechost.dll
0x000007fefd530000 - 0x000007fefd65d000 	C:\Windows\system32\RPCRT4.dll
0x0000000076e40000 - 0x0000000076f3a000 	C:\Windows\system32\USER32.dll
0x000007fefeae0000 - 0x000007fefeb47000 	C:\Windows\system32\GDI32.dll
0x000007feff1e0000 - 0x000007feff1ee000 	C:\Windows\system32\LPK.dll
0x000007fefe9e0000 - 0x000007fefeaa9000 	C:\Windows\system32\USP10.dll
0x000007fefb650000 - 0x000007fefb844000 	C:\Windows\WinSxS\amd64_microsoft.windows.common-controls_6595b64144ccf1df_6.0.7601.17514_none_fa396087175ac9ac\COMCTL32.dll
0x000007fefd380000 - 0x000007fefd3f1000 	C:\Windows\system32\SHLWAPI.dll
0x000007fefeab0000 - 0x000007fefeade000 	C:\Windows\system32\IMM32.DLL
0x000007fefd990000 - 0x000007fefda99000 	C:\Windows\system32\MSCTF.dll
0x0000000077400000 - 0x00000000774d2000 	D:\android-studio2.2\jre\jre\bin\msvcr100.dll
0x000000005bb90000 - 0x000000005c3c4000 	D:\android-studio2.2\jre\jre\bin\server\jvm.dll
0x000007feee9b0000 - 0x000007feee9b9000 	C:\Windows\system32\WSOCK32.dll
0x000007fefeb50000 - 0x000007fefeb9d000 	C:\Windows\system32\WS2_32.dll
0x000007fefe9d0000 - 0x000007fefe9d8000 	C:\Windows\system32\NSI.dll
0x000007fefa120000 - 0x000007fefa15b000 	C:\Windows\system32\WINMM.dll
0x000007fefc0f0000 - 0x000007fefc0fc000 	C:\Windows\system32\VERSION.dll
0x0000000077230000 - 0x0000000077237000 	C:\Windows\system32\PSAPI.DLL
0x000007fef9d30000 - 0x000007fef9d3f000 	D:\android-studio2.2\jre\jre\bin\verify.dll
0x000007fef9bc0000 - 0x000007fef9be9000 	D:\android-studio2.2\jre\jre\bin\java.dll
0x000007fef9d10000 - 0x000007fef9d26000 	D:\android-studio2.2\jre\jre\bin\zip.dll
0x000007fefdc20000 - 0x000007fefe9a8000 	C:\Windows\system32\SHELL32.dll
0x000007fefd760000 - 0x000007fefd963000 	C:\Windows\system32\ole32.dll
0x000007fefcfb0000 - 0x000007fefcfbf000 	C:\Windows\system32\profapi.dll

VM Arguments:
jvm_args: -Djava.awt.headless=true -Xmx1024M -Dfile.encoding=GBK -Duser.country=CN -Duser.language=zh -Duser.variant 
java_command: com.android.dx.command.Main --dex --force-jumbo --num-threads=4 --multi-dex --output E:\svn\M1S1\app\build\intermediates\transforms\dex\debug\folders\1000\2\gson-2.6.2_9c010a86d7d45b6fbb528804342b42af14ccd39b E:\svn\M1S1\app\libs\gson-2.6.2.jar
java_class_path (initial): D:\Sdk\build-tools\24.0.1\lib\dx.jar
Launcher Type: SUN_STANDARD

Environment Variables:
JAVA_HOME=D:\JAVA\jdk1.8
CLASSPATH=.;D:\JAVA\jdk1.8\lib;D:\JAVA\jdk1.8\lib\tools.jar
PATH=C:\ProgramData\Oracle\Java\javapath;C:\Windows\system32;C:\Windows;C:\Windows\System32\Wbem;C:\Windows\System32\WindowsPowerShell\v1.0\;C:\Program Files (x86)\Common Files\microsoft shared\TigerKin;D:\JAVA\jdk1.8\bin;D:\JAVA\jdk1.8\jre\bin;C:\Android;C:\Windows\System32;D:\program files\svn\bin;D:\JAVA\tomcat\lib;D:\JAVA\tomcat\bin;D:\program files\Git\cmd
USERNAME=admin
OS=Windows_NT
PROCESSOR_IDENTIFIER=Intel64 Family 6 Model 94 Stepping 3, GenuineIntel



---------------  S Y S T E M  ---------------

OS: Windows 7 , 64 bit Build 7601 (6.1.7601.17514)

CPU:total 4 (2 cores per cpu, 2 threads per core) family 6 model 94 stepping 3, cmov, cx8, fxsr, mmx, sse, sse2, sse3, ssse3, sse4.1, sse4.2, popcnt, avx, avx2, aes, clmul, erms, 3dnowpref, lzcnt, ht, tsc, tscinvbit, bmi1, bmi2, adx

Memory: 4k page, physical 8266364k(1030828k free), swap 9313096k(41444k free)

vm_info: OpenJDK 64-Bit Server VM (25.76-b03) for windows-amd64 JRE (1.8.0_76-release-b03), built on Jun 29 2016 19:09:20 by "ralucas" with MS VC++ 10.0 (VS2010)

time: Thu Feb 16 15:35:40 2017
elapsed time: 7 seconds (0d 0h 0m 7s)

